2023-01-10 12:29:33,572 INFO o.a.j.u.JMeterUtils: Setting Locale to en_EN
2023-01-10 12:29:33,603 INFO o.a.j.JMeter: Loading user properties from: user.properties
2023-01-10 12:29:33,603 INFO o.a.j.JMeter: Loading system properties from: system.properties
2023-01-10 12:29:33,612 INFO o.a.j.JMeter: Copyright (c) 1998-2022 The Apache Software Foundation
2023-01-10 12:29:33,612 INFO o.a.j.JMeter: Version 5.5
2023-01-10 12:29:33,612 INFO o.a.j.JMeter: java.version=17.0.5
2023-01-10 12:29:33,612 INFO o.a.j.JMeter: java.vm.name=OpenJDK 64-Bit Server VM
2023-01-10 12:29:33,612 INFO o.a.j.JMeter: os.name=Windows 10
2023-01-10 12:29:33,612 INFO o.a.j.JMeter: os.arch=amd64
2023-01-10 12:29:33,612 INFO o.a.j.JMeter: os.version=10.0
2023-01-10 12:29:33,612 INFO o.a.j.JMeter: file.encoding=Cp1252
2023-01-10 12:29:33,612 INFO o.a.j.JMeter: java.awt.headless=null
2023-01-10 12:29:33,613 INFO o.a.j.JMeter: Max memory     =1073741824
2023-01-10 12:29:33,613 INFO o.a.j.JMeter: Available Processors =8
2023-01-10 12:29:33,625 INFO o.a.j.JMeter: Default Locale=English (EN)
2023-01-10 12:29:33,625 INFO o.a.j.JMeter: JMeter  Locale=English (EN)
2023-01-10 12:29:33,625 INFO o.a.j.JMeter: JMeterHome=C:\Users\Andi\furniture\apache-jmeter-5.5\apache-jmeter-5.5
2023-01-10 12:29:33,625 INFO o.a.j.JMeter: user.dir  =C:\Users\Andi\furniture\apache-jmeter-5.5\apache-jmeter-5.5\bin
2023-01-10 12:29:33,626 INFO o.a.j.JMeter: PWD       =C:\Users\Andi\furniture\apache-jmeter-5.5\apache-jmeter-5.5\bin
2023-01-10 12:29:33,627 INFO o.a.j.JMeter: IP: 192.168.1.20 Name: DESKTOP-L8JG3CO FullName: host.docker.internal
2023-01-10 12:29:33,643 INFO o.a.j.JMeter: Loaded icon properties from org/apache/jmeter/images/icon.properties
2023-01-10 12:29:34,100 INFO o.a.j.JMeterGuiLauncher: Setting LAF to: com.github.weisj.darklaf.DarkLaf:com.github.weisj.darklaf.theme.DarculaTheme
2023-01-10 12:49:28,426 INFO o.a.j.p.h.s.HTTPSamplerBase: Parser for text/html is org.apache.jmeter.protocol.http.parser.LagartoBasedHtmlParser
2023-01-10 12:49:28,427 INFO o.a.j.p.h.s.HTTPSamplerBase: Parser for application/xhtml+xml is org.apache.jmeter.protocol.http.parser.LagartoBasedHtmlParser
2023-01-10 12:49:28,427 INFO o.a.j.p.h.s.HTTPSamplerBase: Parser for application/xml is org.apache.jmeter.protocol.http.parser.LagartoBasedHtmlParser
2023-01-10 12:49:28,427 INFO o.a.j.p.h.s.HTTPSamplerBase: Parser for text/xml is org.apache.jmeter.protocol.http.parser.LagartoBasedHtmlParser
2023-01-10 12:49:28,427 INFO o.a.j.p.h.s.HTTPSamplerBase: Parser for text/vnd.wap.wml is org.apache.jmeter.protocol.http.parser.RegexpHTMLParser
2023-01-10 12:49:28,427 INFO o.a.j.p.h.s.HTTPSamplerBase: Parser for text/css is org.apache.jmeter.protocol.http.parser.CssParser
2023-01-10 12:51:37,482 INFO o.a.j.s.SampleResult: Note: Sample TimeStamps are START times
2023-01-10 12:51:37,483 INFO o.a.j.s.SampleResult: sampleresult.default.encoding is set to ISO-8859-1
2023-01-10 12:51:37,483 INFO o.a.j.s.SampleResult: sampleresult.useNanoTime=true
2023-01-10 12:51:37,483 INFO o.a.j.s.SampleResult: sampleresult.nanoThreadSleep=5000
2023-01-10 12:51:37,795 INFO o.a.j.v.ViewResultsFullVisualizer: Add JavaFX to your Java installation if you want to use renderer: org.apache.jmeter.visualizers.RenderInBrowser
2023-01-10 12:52:25,680 INFO o.a.j.e.StandardJMeterEngine: Running the test!
2023-01-10 12:52:25,688 INFO o.a.j.s.SampleEvent: List of sample_variables: []
2023-01-10 12:52:25,688 INFO o.a.j.s.SampleEvent: List of sample_variables: []
2023-01-10 12:52:25,691 INFO o.a.j.e.u.CompoundVariable: Note: Function class names must contain the string: '.functions.'
2023-01-10 12:52:25,692 INFO o.a.j.e.u.CompoundVariable: Note: Function class names must not contain the string: '.gui.'
2023-01-10 12:52:25,780 INFO o.a.j.g.u.JMeterMenuBar: setRunning(true, *local*)
2023-01-10 12:52:25,821 INFO o.a.j.e.StandardJMeterEngine: Starting ThreadGroup: 1 : Thread Group
2023-01-10 12:52:25,821 INFO o.a.j.e.StandardJMeterEngine: Starting 2 threads for group Thread Group.
2023-01-10 12:52:25,821 INFO o.a.j.e.StandardJMeterEngine: Thread will continue on error
2023-01-10 12:52:25,821 INFO o.a.j.t.ThreadGroup: Starting thread group... number=1 threads=2 ramp-up=1 delayedStart=false
2023-01-10 12:52:25,825 INFO o.a.j.t.ThreadGroup: Started thread group number 1
2023-01-10 12:52:25,825 INFO o.a.j.e.StandardJMeterEngine: All thread groups have been started
2023-01-10 12:52:25,827 INFO o.a.j.t.JMeterThread: Thread started: Thread Group 1-1
2023-01-10 12:52:25,846 INFO o.a.j.p.h.s.HTTPHCAbstractImpl: Local host = DESKTOP-L8JG3CO
2023-01-10 12:52:25,853 INFO o.a.j.p.h.s.HTTPHC4Impl: HTTP request retry count = 0
2023-01-10 12:52:26,324 INFO o.a.j.t.JMeterThread: Thread started: Thread Group 1-2
2023-01-10 12:52:26,410 INFO o.a.j.t.JMeterThread: Thread is done: Thread Group 1-1
2023-01-10 12:52:26,410 INFO o.a.j.t.JMeterThread: Thread finished: Thread Group 1-1
2023-01-10 12:52:26,422 INFO o.a.j.t.JMeterThread: Thread is done: Thread Group 1-2
2023-01-10 12:52:26,423 INFO o.a.j.t.JMeterThread: Thread finished: Thread Group 1-2
2023-01-10 12:52:26,424 INFO o.a.j.e.StandardJMeterEngine: Notifying test listeners of end of test
2023-01-10 12:52:26,426 INFO o.a.j.s.FileServer: Default base='C:\Users\Andi\furniture\apache-jmeter-5.5\apache-jmeter-5.5\bin'
2023-01-10 12:52:26,426 INFO o.a.j.g.u.JMeterMenuBar: setRunning(false, *local*)
2023-01-10 12:52:30,090 INFO o.a.j.e.StandardJMeterEngine: Running the test!
2023-01-10 12:52:30,090 INFO o.a.j.s.SampleEvent: List of sample_variables: []
2023-01-10 12:52:30,092 INFO o.a.j.g.u.JMeterMenuBar: setRunning(true, *local*)
2023-01-10 12:52:30,132 INFO o.a.j.e.StandardJMeterEngine: Starting ThreadGroup: 1 : Thread Group
2023-01-10 12:52:30,132 INFO o.a.j.e.StandardJMeterEngine: Starting 2 threads for group Thread Group.
2023-01-10 12:52:30,132 INFO o.a.j.e.StandardJMeterEngine: Thread will continue on error
2023-01-10 12:52:30,132 INFO o.a.j.t.ThreadGroup: Starting thread group... number=1 threads=2 ramp-up=1 delayedStart=false
2023-01-10 12:52:30,133 INFO o.a.j.t.ThreadGroup: Started thread group number 1
2023-01-10 12:52:30,133 INFO o.a.j.e.StandardJMeterEngine: All thread groups have been started
2023-01-10 12:52:30,133 INFO o.a.j.t.JMeterThread: Thread started: Thread Group 1-1
2023-01-10 12:52:30,196 INFO o.a.j.t.JMeterThread: Thread is done: Thread Group 1-1
2023-01-10 12:52:30,196 INFO o.a.j.t.JMeterThread: Thread finished: Thread Group 1-1
2023-01-10 12:52:30,634 INFO o.a.j.t.JMeterThread: Thread started: Thread Group 1-2
2023-01-10 12:52:30,705 INFO o.a.j.t.JMeterThread: Thread is done: Thread Group 1-2
2023-01-10 12:52:30,705 INFO o.a.j.t.JMeterThread: Thread finished: Thread Group 1-2
2023-01-10 12:52:30,706 INFO o.a.j.e.StandardJMeterEngine: Notifying test listeners of end of test
2023-01-10 12:52:30,707 INFO o.a.j.g.u.JMeterMenuBar: setRunning(false, *local*)
2023-01-10 12:53:32,312 INFO o.a.j.e.StandardJMeterEngine: Running the test!
2023-01-10 12:53:32,314 INFO o.a.j.s.SampleEvent: List of sample_variables: []
2023-01-10 12:53:32,315 INFO o.a.j.g.u.JMeterMenuBar: setRunning(true, *local*)
2023-01-10 12:53:32,366 INFO o.a.j.e.StandardJMeterEngine: Starting ThreadGroup: 1 : Thread Group
2023-01-10 12:53:32,366 INFO o.a.j.e.StandardJMeterEngine: Starting 100 threads for group Thread Group.
2023-01-10 12:53:32,366 INFO o.a.j.e.StandardJMeterEngine: Thread will continue on error
2023-01-10 12:53:32,366 INFO o.a.j.t.ThreadGroup: Starting thread group... number=1 threads=100 ramp-up=1 delayedStart=false
2023-01-10 12:53:32,367 INFO o.a.j.t.JMeterThread: Thread started: Thread Group 1-1
2023-01-10 12:53:32,385 INFO o.a.j.t.JMeterThread: Thread started: Thread Group 1-2
2023-01-10 12:53:32,390 INFO o.a.j.t.JMeterThread: Thread started: Thread Group 1-3
2023-01-10 12:53:32,400 INFO o.a.j.t.ThreadGroup: Started thread group number 1
2023-01-10 12:53:32,401 INFO o.a.j.e.StandardJMeterEngine: All thread groups have been started
2023-01-10 12:53:32,400 INFO o.a.j.t.JMeterThread: Thread started: Thread Group 1-4
2023-01-10 12:53:32,418 INFO o.a.j.t.JMeterThread: Thread started: Thread Group 1-5
2023-01-10 12:53:32,429 INFO o.a.j.t.JMeterThread: Thread started: Thread Group 1-6
2023-01-10 12:53:32,429 INFO o.a.j.t.JMeterThread: Thread started: Thread Group 1-7
2023-01-10 12:53:32,447 INFO o.a.j.t.JMeterThread: Thread started: Thread Group 1-8
2023-01-10 12:53:32,456 INFO o.a.j.t.JMeterThread: Thread started: Thread Group 1-9
2023-01-10 12:53:32,466 INFO o.a.j.t.JMeterThread: Thread started: Thread Group 1-10
2023-01-10 12:53:32,476 INFO o.a.j.t.JMeterThread: Thread started: Thread Group 1-11
2023-01-10 12:53:32,486 INFO o.a.j.t.JMeterThread: Thread started: Thread Group 1-12
2023-01-10 12:53:32,495 INFO o.a.j.t.JMeterThread: Thread started: Thread Group 1-13
2023-01-10 12:53:32,503 INFO o.a.j.t.JMeterThread: Thread started: Thread Group 1-14
2023-01-10 12:53:32,517 INFO o.a.j.t.JMeterThread: Thread started: Thread Group 1-15
2023-01-10 12:53:32,530 INFO o.a.j.t.JMeterThread: Thread started: Thread Group 1-16
2023-01-10 12:53:32,532 INFO o.a.j.t.JMeterThread: Thread started: Thread Group 1-17
2023-01-10 12:53:32,543 INFO o.a.j.t.JMeterThread: Thread started: Thread Group 1-18
2023-01-10 12:53:32,557 INFO o.a.j.t.JMeterThread: Thread started: Thread Group 1-19
2023-01-10 12:53:32,572 INFO o.a.j.t.JMeterThread: Thread started: Thread Group 1-21
2023-01-10 12:53:32,581 INFO o.a.j.t.JMeterThread: Thread started: Thread Group 1-22
2023-01-10 12:53:32,584 INFO o.a.j.t.JMeterThread: Thread started: Thread Group 1-20
2023-01-10 12:53:32,602 INFO o.a.j.t.JMeterThread: Thread started: Thread Group 1-23
2023-01-10 12:53:32,611 INFO o.a.j.t.JMeterThread: Thread started: Thread Group 1-25
2023-01-10 12:53:32,613 INFO o.a.j.t.JMeterThread: Thread started: Thread Group 1-24
2023-01-10 12:53:32,621 INFO o.a.j.t.JMeterThread: Thread started: Thread Group 1-26
2023-01-10 12:53:32,650 INFO o.a.j.t.JMeterThread: Thread started: Thread Group 1-29
2023-01-10 12:53:32,652 INFO o.a.j.t.JMeterThread: Thread started: Thread Group 1-28
2023-01-10 12:53:32,655 INFO o.a.j.t.JMeterThread: Thread started: Thread Group 1-27
2023-01-10 12:53:32,659 INFO o.a.j.t.JMeterThread: Thread started: Thread Group 1-30
2023-01-10 12:53:32,680 INFO o.a.j.t.JMeterThread: Thread started: Thread Group 1-31
2023-01-10 12:53:32,691 INFO o.a.j.t.JMeterThread: Thread started: Thread Group 1-33
2023-01-10 12:53:32,692 INFO o.a.j.t.JMeterThread: Thread started: Thread Group 1-32
2023-01-10 12:53:32,699 INFO o.a.j.t.JMeterThread: Thread started: Thread Group 1-34
2023-01-10 12:53:32,721 INFO o.a.j.t.JMeterThread: Thread started: Thread Group 1-35
2023-01-10 12:53:32,729 INFO o.a.j.t.JMeterThread: Thread started: Thread Group 1-37
2023-01-10 12:53:32,738 INFO o.a.j.t.JMeterThread: Thread started: Thread Group 1-36
2023-01-10 12:53:32,753 INFO o.a.j.t.JMeterThread: Thread started: Thread Group 1-38
2023-01-10 12:53:32,757 INFO o.a.j.t.JMeterThread: Thread started: Thread Group 1-40
2023-01-10 12:53:32,767 INFO o.a.j.t.JMeterThread: Thread started: Thread Group 1-41
2023-01-10 12:53:32,772 INFO o.a.j.t.JMeterThread: Thread started: Thread Group 1-39
2023-01-10 12:53:32,799 INFO o.a.j.t.JMeterThread: Thread started: Thread Group 1-44
2023-01-10 12:53:32,802 INFO o.a.j.t.JMeterThread: Thread started: Thread Group 1-43
2023-01-10 12:53:32,811 INFO o.a.j.t.JMeterThread: Thread started: Thread Group 1-45
2023-01-10 12:53:32,812 INFO o.a.j.t.JMeterThread: Thread started: Thread Group 1-42
2023-01-10 12:53:32,830 INFO o.a.j.t.JMeterThread: Thread started: Thread Group 1-46
2023-01-10 12:53:32,843 INFO o.a.j.t.JMeterThread: Thread started: Thread Group 1-47
2023-01-10 12:53:32,849 INFO o.a.j.t.JMeterThread: Thread started: Thread Group 1-48
2023-01-10 12:53:32,857 INFO o.a.j.t.JMeterThread: Thread started: Thread Group 1-49
2023-01-10 12:53:32,870 INFO o.a.j.t.JMeterThread: Thread started: Thread Group 1-50
2023-01-10 12:53:32,894 INFO o.a.j.t.JMeterThread: Thread started: Thread Group 1-52
2023-01-10 12:53:32,902 INFO o.a.j.t.JMeterThread: Thread started: Thread Group 1-53
2023-01-10 12:53:32,903 INFO o.a.j.t.JMeterThread: Thread started: Thread Group 1-51
2023-01-10 12:53:32,917 INFO o.a.j.t.JMeterThread: Thread started: Thread Group 1-54
2023-01-10 12:53:32,919 INFO o.a.j.t.JMeterThread: Thread started: Thread Group 1-56
2023-01-10 12:53:32,926 INFO o.a.j.t.JMeterThread: Thread started: Thread Group 1-55
2023-01-10 12:53:32,941 INFO o.a.j.t.JMeterThread: Thread started: Thread Group 1-57
2023-01-10 12:53:32,945 INFO o.a.j.t.JMeterThread: Thread started: Thread Group 1-58
2023-01-10 12:53:32,964 INFO o.a.j.t.JMeterThread: Thread started: Thread Group 1-59
2023-01-10 12:53:32,969 INFO o.a.j.t.JMeterThread: Thread started: Thread Group 1-60
2023-01-10 12:53:32,981 INFO o.a.j.t.JMeterThread: Thread started: Thread Group 1-61
2023-01-10 12:53:32,994 INFO o.a.j.t.JMeterThread: Thread started: Thread Group 1-62
2023-01-10 12:53:33,004 INFO o.a.j.t.JMeterThread: Thread started: Thread Group 1-63
2023-01-10 12:53:33,007 INFO o.a.j.t.JMeterThread: Thread started: Thread Group 1-65
2023-01-10 12:53:33,010 INFO o.a.j.t.JMeterThread: Thread started: Thread Group 1-64
2023-01-10 12:53:33,035 INFO o.a.j.t.JMeterThread: Thread started: Thread Group 1-66
2023-01-10 12:53:33,044 INFO o.a.j.t.JMeterThread: Thread started: Thread Group 1-67
2023-01-10 12:53:33,049 INFO o.a.j.t.JMeterThread: Thread started: Thread Group 1-68
2023-01-10 12:53:33,059 INFO o.a.j.t.JMeterThread: Thread started: Thread Group 1-69
2023-01-10 12:53:33,072 INFO o.a.j.t.JMeterThread: Thread started: Thread Group 1-70
2023-01-10 12:53:33,083 INFO o.a.j.t.JMeterThread: Thread started: Thread Group 1-71
2023-01-10 12:53:33,088 INFO o.a.j.t.JMeterThread: Thread started: Thread Group 1-72
2023-01-10 12:53:33,098 INFO o.a.j.t.JMeterThread: Thread started: Thread Group 1-73
2023-01-10 12:53:33,119 INFO o.a.j.t.JMeterThread: Thread started: Thread Group 1-74
2023-01-10 12:53:33,124 INFO o.a.j.t.JMeterThread: Thread started: Thread Group 1-75
2023-01-10 12:53:33,127 INFO o.a.j.t.JMeterThread: Thread started: Thread Group 1-76
2023-01-10 12:53:33,137 INFO o.a.j.t.JMeterThread: Thread started: Thread Group 1-77
2023-01-10 12:53:33,156 INFO o.a.j.t.JMeterThread: Thread started: Thread Group 1-78
2023-01-10 12:53:33,167 INFO o.a.j.t.JMeterThread: Thread started: Thread Group 1-80
2023-01-10 12:53:33,167 INFO o.a.j.t.JMeterThread: Thread started: Thread Group 1-79
2023-01-10 12:53:33,177 INFO o.a.j.t.JMeterThread: Thread started: Thread Group 1-81
2023-01-10 12:53:33,188 INFO o.a.j.t.JMeterThread: Thread started: Thread Group 1-83
2023-01-10 12:53:33,198 INFO o.a.j.t.JMeterThread: Thread started: Thread Group 1-82
2023-01-10 12:53:33,208 INFO o.a.j.t.JMeterThread: Thread started: Thread Group 1-84
2023-01-10 12:53:33,220 INFO o.a.j.t.JMeterThread: Thread started: Thread Group 1-85
2023-01-10 12:53:33,238 INFO o.a.j.t.JMeterThread: Thread started: Thread Group 1-86
2023-01-10 12:53:33,243 INFO o.a.j.t.JMeterThread: Thread started: Thread Group 1-87
2023-01-10 12:53:33,257 INFO o.a.j.t.JMeterThread: Thread started: Thread Group 1-88
2023-01-10 12:53:33,267 INFO o.a.j.t.JMeterThread: Thread started: Thread Group 1-89
2023-01-10 12:53:33,278 INFO o.a.j.t.JMeterThread: Thread started: Thread Group 1-90
2023-01-10 12:53:33,288 INFO o.a.j.t.JMeterThread: Thread started: Thread Group 1-93
2023-01-10 12:53:33,295 INFO o.a.j.t.JMeterThread: Thread started: Thread Group 1-91
2023-01-10 12:53:33,302 INFO o.a.j.t.JMeterThread: Thread started: Thread Group 1-92
2023-01-10 12:53:33,324 INFO o.a.j.t.JMeterThread: Thread started: Thread Group 1-94
2023-01-10 12:53:33,336 INFO o.a.j.t.JMeterThread: Thread started: Thread Group 1-95
2023-01-10 12:53:33,344 INFO o.a.j.t.JMeterThread: Thread started: Thread Group 1-96
2023-01-10 12:53:33,350 INFO o.a.j.t.JMeterThread: Thread started: Thread Group 1-97
2023-01-10 12:53:33,365 INFO o.a.j.t.JMeterThread: Thread started: Thread Group 1-98
2023-01-10 12:53:33,376 INFO o.a.j.t.JMeterThread: Thread started: Thread Group 1-99
2023-01-10 12:53:33,382 INFO o.a.j.t.JMeterThread: Thread started: Thread Group 1-100
2023-01-10 12:53:51,417 INFO o.a.j.t.JMeterThread: Thread is done: Thread Group 1-1
2023-01-10 12:53:51,417 INFO o.a.j.t.JMeterThread: Thread finished: Thread Group 1-1
2023-01-10 12:53:51,606 INFO o.a.j.t.JMeterThread: Thread is done: Thread Group 1-10
2023-01-10 12:53:51,607 INFO o.a.j.t.JMeterThread: Thread finished: Thread Group 1-10
2023-01-10 12:53:51,784 INFO o.a.j.t.JMeterThread: Thread is done: Thread Group 1-91
2023-01-10 12:53:51,784 INFO o.a.j.t.JMeterThread: Thread finished: Thread Group 1-91
2023-01-10 12:53:51,803 INFO o.a.j.t.JMeterThread: Thread is done: Thread Group 1-37
2023-01-10 12:53:51,803 INFO o.a.j.t.JMeterThread: Thread finished: Thread Group 1-37
2023-01-10 12:53:51,949 INFO o.a.j.t.JMeterThread: Thread is done: Thread Group 1-98
2023-01-10 12:53:51,950 INFO o.a.j.t.JMeterThread: Thread finished: Thread Group 1-98
2023-01-10 12:53:52,228 INFO o.a.j.t.JMeterThread: Thread is done: Thread Group 1-49
2023-01-10 12:53:52,228 INFO o.a.j.t.JMeterThread: Thread finished: Thread Group 1-49
2023-01-10 12:53:52,284 INFO o.a.j.t.JMeterThread: Thread is done: Thread Group 1-77
2023-01-10 12:53:52,284 INFO o.a.j.t.JMeterThread: Thread finished: Thread Group 1-77
2023-01-10 12:53:52,355 INFO o.a.j.t.JMeterThread: Thread is done: Thread Group 1-94
2023-01-10 12:53:52,355 INFO o.a.j.t.JMeterThread: Thread finished: Thread Group 1-94
2023-01-10 12:53:52,454 INFO o.a.j.t.JMeterThread: Thread is done: Thread Group 1-39
2023-01-10 12:53:52,454 INFO o.a.j.t.JMeterThread: Thread finished: Thread Group 1-39
2023-01-10 12:53:52,676 INFO o.a.j.t.JMeterThread: Thread is done: Thread Group 1-65
2023-01-10 12:53:52,677 INFO o.a.j.t.JMeterThread: Thread finished: Thread Group 1-65
2023-01-10 12:53:52,746 INFO o.a.j.t.JMeterThread: Thread is done: Thread Group 1-8
2023-01-10 12:53:52,746 INFO o.a.j.t.JMeterThread: Thread finished: Thread Group 1-8
2023-01-10 12:53:52,747 INFO o.a.j.t.JMeterThread: Thread is done: Thread Group 1-5
2023-01-10 12:53:52,747 INFO o.a.j.t.JMeterThread: Thread finished: Thread Group 1-5
2023-01-10 12:53:52,821 INFO o.a.j.t.JMeterThread: Thread is done: Thread Group 1-81
2023-01-10 12:53:52,822 INFO o.a.j.t.JMeterThread: Thread finished: Thread Group 1-81
2023-01-10 12:53:52,862 INFO o.a.j.t.JMeterThread: Thread is done: Thread Group 1-27
2023-01-10 12:53:52,862 INFO o.a.j.t.JMeterThread: Thread finished: Thread Group 1-27
2023-01-10 12:53:52,887 INFO o.a.j.t.JMeterThread: Thread is done: Thread Group 1-7
2023-01-10 12:53:52,887 INFO o.a.j.t.JMeterThread: Thread finished: Thread Group 1-7
2023-01-10 12:53:52,900 INFO o.a.j.t.JMeterThread: Thread is done: Thread Group 1-97
2023-01-10 12:53:52,900 INFO o.a.j.t.JMeterThread: Thread finished: Thread Group 1-97
2023-01-10 12:53:52,946 INFO o.a.j.t.JMeterThread: Thread is done: Thread Group 1-92
2023-01-10 12:53:52,946 INFO o.a.j.t.JMeterThread: Thread finished: Thread Group 1-92
2023-01-10 12:53:52,967 INFO o.a.j.t.JMeterThread: Thread is done: Thread Group 1-40
2023-01-10 12:53:52,967 INFO o.a.j.t.JMeterThread: Thread finished: Thread Group 1-40
2023-01-10 12:53:53,030 INFO o.a.j.t.JMeterThread: Thread is done: Thread Group 1-2
2023-01-10 12:53:53,030 INFO o.a.j.t.JMeterThread: Thread finished: Thread Group 1-2
2023-01-10 12:53:53,074 INFO o.a.j.t.JMeterThread: Thread is done: Thread Group 1-69
2023-01-10 12:53:53,074 INFO o.a.j.t.JMeterThread: Thread finished: Thread Group 1-69
2023-01-10 12:53:53,093 INFO o.a.j.t.JMeterThread: Thread is done: Thread Group 1-47
2023-01-10 12:53:53,093 INFO o.a.j.t.JMeterThread: Thread finished: Thread Group 1-47
2023-01-10 12:53:53,172 INFO o.a.j.t.JMeterThread: Thread is done: Thread Group 1-75
2023-01-10 12:53:53,172 INFO o.a.j.t.JMeterThread: Thread finished: Thread Group 1-75
2023-01-10 12:53:53,183 INFO o.a.j.t.JMeterThread: Thread is done: Thread Group 1-87
2023-01-10 12:53:53,183 INFO o.a.j.t.JMeterThread: Thread finished: Thread Group 1-87
2023-01-10 12:53:53,221 INFO o.a.j.t.JMeterThread: Thread is done: Thread Group 1-28
2023-01-10 12:53:53,221 INFO o.a.j.t.JMeterThread: Thread finished: Thread Group 1-28
2023-01-10 12:53:53,222 INFO o.a.j.t.JMeterThread: Thread is done: Thread Group 1-62
2023-01-10 12:53:53,222 INFO o.a.j.t.JMeterThread: Thread finished: Thread Group 1-62
2023-01-10 12:53:53,377 INFO o.a.j.t.JMeterThread: Thread is done: Thread Group 1-12
2023-01-10 12:53:53,377 INFO o.a.j.t.JMeterThread: Thread finished: Thread Group 1-12
2023-01-10 12:53:53,444 INFO o.a.j.t.JMeterThread: Thread is done: Thread Group 1-79
2023-01-10 12:53:53,445 INFO o.a.j.t.JMeterThread: Thread finished: Thread Group 1-79
2023-01-10 12:53:53,493 INFO o.a.j.t.JMeterThread: Thread is done: Thread Group 1-19
2023-01-10 12:53:53,493 INFO o.a.j.t.JMeterThread: Thread is done: Thread Group 1-22
2023-01-10 12:53:53,494 INFO o.a.j.t.JMeterThread: Thread finished: Thread Group 1-19
2023-01-10 12:53:53,494 INFO o.a.j.t.JMeterThread: Thread finished: Thread Group 1-22
2023-01-10 12:53:53,501 INFO o.a.j.t.JMeterThread: Thread is done: Thread Group 1-83
2023-01-10 12:53:53,501 INFO o.a.j.t.JMeterThread: Thread is done: Thread Group 1-44
2023-01-10 12:53:53,501 INFO o.a.j.t.JMeterThread: Thread finished: Thread Group 1-83
2023-01-10 12:53:53,502 INFO o.a.j.t.JMeterThread: Thread finished: Thread Group 1-44
2023-01-10 12:53:53,607 INFO o.a.j.t.JMeterThread: Thread is done: Thread Group 1-6
2023-01-10 12:53:53,607 INFO o.a.j.t.JMeterThread: Thread finished: Thread Group 1-6
2023-01-10 12:53:53,653 INFO o.a.j.t.JMeterThread: Thread is done: Thread Group 1-41
2023-01-10 12:53:53,653 INFO o.a.j.t.JMeterThread: Thread finished: Thread Group 1-41
2023-01-10 12:53:53,654 INFO o.a.j.t.JMeterThread: Thread is done: Thread Group 1-48
2023-01-10 12:53:53,654 INFO o.a.j.t.JMeterThread: Thread finished: Thread Group 1-48
2023-01-10 12:53:53,675 INFO o.a.j.t.JMeterThread: Thread is done: Thread Group 1-9
2023-01-10 12:53:53,675 INFO o.a.j.t.JMeterThread: Thread finished: Thread Group 1-9
2023-01-10 12:53:53,679 INFO o.a.j.t.JMeterThread: Thread is done: Thread Group 1-54
2023-01-10 12:53:53,680 INFO o.a.j.t.JMeterThread: Thread finished: Thread Group 1-54
2023-01-10 12:53:53,696 INFO o.a.j.t.JMeterThread: Thread is done: Thread Group 1-25
2023-01-10 12:53:53,696 INFO o.a.j.t.JMeterThread: Thread finished: Thread Group 1-25
2023-01-10 12:53:53,704 INFO o.a.j.t.JMeterThread: Thread is done: Thread Group 1-100
2023-01-10 12:53:53,705 INFO o.a.j.t.JMeterThread: Thread finished: Thread Group 1-100
2023-01-10 12:53:53,728 INFO o.a.j.t.JMeterThread: Thread is done: Thread Group 1-66
2023-01-10 12:53:53,728 INFO o.a.j.t.JMeterThread: Thread finished: Thread Group 1-66
2023-01-10 12:53:53,729 INFO o.a.j.t.JMeterThread: Thread is done: Thread Group 1-3
2023-01-10 12:53:53,730 INFO o.a.j.t.JMeterThread: Thread finished: Thread Group 1-3
2023-01-10 12:53:53,746 INFO o.a.j.t.JMeterThread: Thread is done: Thread Group 1-90
2023-01-10 12:53:53,746 INFO o.a.j.t.JMeterThread: Thread finished: Thread Group 1-90
2023-01-10 12:53:53,765 INFO o.a.j.t.JMeterThread: Thread is done: Thread Group 1-60
2023-01-10 12:53:53,765 INFO o.a.j.t.JMeterThread: Thread finished: Thread Group 1-60
2023-01-10 12:53:53,778 INFO o.a.j.t.JMeterThread: Thread is done: Thread Group 1-59
2023-01-10 12:53:53,779 INFO o.a.j.t.JMeterThread: Thread finished: Thread Group 1-59
2023-01-10 12:53:53,781 INFO o.a.j.t.JMeterThread: Thread is done: Thread Group 1-57
2023-01-10 12:53:53,782 INFO o.a.j.t.JMeterThread: Thread finished: Thread Group 1-57
2023-01-10 12:53:53,805 INFO o.a.j.t.JMeterThread: Thread is done: Thread Group 1-38
2023-01-10 12:53:53,806 INFO o.a.j.t.JMeterThread: Thread finished: Thread Group 1-38
2023-01-10 12:53:53,813 INFO o.a.j.t.JMeterThread: Thread is done: Thread Group 1-89
2023-01-10 12:53:53,813 INFO o.a.j.t.JMeterThread: Thread finished: Thread Group 1-89
2023-01-10 12:53:53,838 INFO o.a.j.t.JMeterThread: Thread is done: Thread Group 1-33
2023-01-10 12:53:53,839 INFO o.a.j.t.JMeterThread: Thread finished: Thread Group 1-33
2023-01-10 12:53:53,841 INFO o.a.j.t.JMeterThread: Thread is done: Thread Group 1-73
2023-01-10 12:53:53,841 INFO o.a.j.t.JMeterThread: Thread finished: Thread Group 1-73
2023-01-10 12:53:53,871 INFO o.a.j.t.JMeterThread: Thread is done: Thread Group 1-4
2023-01-10 12:53:53,871 INFO o.a.j.t.JMeterThread: Thread finished: Thread Group 1-4
2023-01-10 12:53:53,879 INFO o.a.j.t.JMeterThread: Thread is done: Thread Group 1-32
2023-01-10 12:53:53,879 INFO o.a.j.t.JMeterThread: Thread finished: Thread Group 1-32
2023-01-10 12:53:53,929 INFO o.a.j.t.JMeterThread: Thread is done: Thread Group 1-84
2023-01-10 12:53:53,929 INFO o.a.j.t.JMeterThread: Thread finished: Thread Group 1-84
2023-01-10 12:53:53,958 INFO o.a.j.t.JMeterThread: Thread is done: Thread Group 1-70
2023-01-10 12:53:53,958 INFO o.a.j.t.JMeterThread: Thread finished: Thread Group 1-70
2023-01-10 12:53:53,964 INFO o.a.j.t.JMeterThread: Thread is done: Thread Group 1-50
2023-01-10 12:53:53,964 INFO o.a.j.t.JMeterThread: Thread finished: Thread Group 1-50
2023-01-10 12:53:53,968 INFO o.a.j.t.JMeterThread: Thread is done: Thread Group 1-72
2023-01-10 12:53:53,968 INFO o.a.j.t.JMeterThread: Thread finished: Thread Group 1-72
2023-01-10 12:53:53,968 INFO o.a.j.t.JMeterThread: Thread is done: Thread Group 1-96
2023-01-10 12:53:53,968 INFO o.a.j.t.JMeterThread: Thread finished: Thread Group 1-96
2023-01-10 12:53:53,969 INFO o.a.j.t.JMeterThread: Thread is done: Thread Group 1-68
2023-01-10 12:53:53,969 INFO o.a.j.t.JMeterThread: Thread finished: Thread Group 1-68
2023-01-10 12:53:53,983 INFO o.a.j.t.JMeterThread: Thread is done: Thread Group 1-26
2023-01-10 12:53:53,984 INFO o.a.j.t.JMeterThread: Thread finished: Thread Group 1-26
2023-01-10 12:53:53,987 INFO o.a.j.t.JMeterThread: Thread is done: Thread Group 1-21
2023-01-10 12:53:53,987 INFO o.a.j.t.JMeterThread: Thread finished: Thread Group 1-21
2023-01-10 12:53:53,995 INFO o.a.j.t.JMeterThread: Thread is done: Thread Group 1-76
2023-01-10 12:53:53,995 INFO o.a.j.t.JMeterThread: Thread finished: Thread Group 1-76
2023-01-10 12:53:54,002 INFO o.a.j.t.JMeterThread: Thread is done: Thread Group 1-63
2023-01-10 12:53:54,002 INFO o.a.j.t.JMeterThread: Thread finished: Thread Group 1-63
2023-01-10 12:53:54,005 INFO o.a.j.t.JMeterThread: Thread is done: Thread Group 1-82
2023-01-10 12:53:54,005 INFO o.a.j.t.JMeterThread: Thread finished: Thread Group 1-82
2023-01-10 12:53:54,008 INFO o.a.j.t.JMeterThread: Thread is done: Thread Group 1-24
2023-01-10 12:53:54,008 INFO o.a.j.t.JMeterThread: Thread finished: Thread Group 1-24
2023-01-10 12:53:54,010 INFO o.a.j.t.JMeterThread: Thread is done: Thread Group 1-18
2023-01-10 12:53:54,010 INFO o.a.j.t.JMeterThread: Thread finished: Thread Group 1-18
2023-01-10 12:53:54,012 INFO o.a.j.t.JMeterThread: Thread is done: Thread Group 1-14
2023-01-10 12:53:54,013 INFO o.a.j.t.JMeterThread: Thread is done: Thread Group 1-55
2023-01-10 12:53:54,013 INFO o.a.j.t.JMeterThread: Thread finished: Thread Group 1-14
2023-01-10 12:53:54,013 INFO o.a.j.t.JMeterThread: Thread finished: Thread Group 1-55
2023-01-10 12:53:54,022 INFO o.a.j.t.JMeterThread: Thread is done: Thread Group 1-74
2023-01-10 12:53:54,022 INFO o.a.j.t.JMeterThread: Thread finished: Thread Group 1-74
2023-01-10 12:53:54,036 INFO o.a.j.t.JMeterThread: Thread is done: Thread Group 1-15
2023-01-10 12:53:54,036 INFO o.a.j.t.JMeterThread: Thread finished: Thread Group 1-15
2023-01-10 12:53:54,054 INFO o.a.j.t.JMeterThread: Thread is done: Thread Group 1-35
2023-01-10 12:53:54,055 INFO o.a.j.t.JMeterThread: Thread finished: Thread Group 1-35
2023-01-10 12:53:54,062 INFO o.a.j.t.JMeterThread: Thread is done: Thread Group 1-30
2023-01-10 12:53:54,062 INFO o.a.j.t.JMeterThread: Thread finished: Thread Group 1-30
2023-01-10 12:53:54,069 INFO o.a.j.t.JMeterThread: Thread is done: Thread Group 1-71
2023-01-10 12:53:54,069 INFO o.a.j.t.JMeterThread: Thread finished: Thread Group 1-71
2023-01-10 12:53:54,079 INFO o.a.j.t.JMeterThread: Thread is done: Thread Group 1-52
2023-01-10 12:53:54,080 INFO o.a.j.t.JMeterThread: Thread finished: Thread Group 1-52
2023-01-10 12:53:54,080 INFO o.a.j.t.JMeterThread: Thread is done: Thread Group 1-95
2023-01-10 12:53:54,080 INFO o.a.j.t.JMeterThread: Thread finished: Thread Group 1-95
2023-01-10 12:53:54,085 INFO o.a.j.t.JMeterThread: Thread is done: Thread Group 1-78
2023-01-10 12:53:54,086 INFO o.a.j.t.JMeterThread: Thread finished: Thread Group 1-78
2023-01-10 12:53:54,089 INFO o.a.j.t.JMeterThread: Thread is done: Thread Group 1-99
2023-01-10 12:53:54,089 INFO o.a.j.t.JMeterThread: Thread finished: Thread Group 1-99
2023-01-10 12:53:54,106 INFO o.a.j.t.JMeterThread: Thread is done: Thread Group 1-85
2023-01-10 12:53:54,106 INFO o.a.j.t.JMeterThread: Thread finished: Thread Group 1-85
2023-01-10 12:53:54,109 INFO o.a.j.t.JMeterThread: Thread is done: Thread Group 1-45
2023-01-10 12:53:54,109 INFO o.a.j.t.JMeterThread: Thread finished: Thread Group 1-45
2023-01-10 12:53:54,112 INFO o.a.j.t.JMeterThread: Thread is done: Thread Group 1-29
2023-01-10 12:53:54,113 INFO o.a.j.t.JMeterThread: Thread finished: Thread Group 1-29
2023-01-10 12:53:54,113 INFO o.a.j.t.JMeterThread: Thread is done: Thread Group 1-13
2023-01-10 12:53:54,114 INFO o.a.j.t.JMeterThread: Thread finished: Thread Group 1-13
2023-01-10 12:53:54,120 INFO o.a.j.t.JMeterThread: Thread is done: Thread Group 1-67
2023-01-10 12:53:54,120 INFO o.a.j.t.JMeterThread: Thread is done: Thread Group 1-36
2023-01-10 12:53:54,120 INFO o.a.j.t.JMeterThread: Thread finished: Thread Group 1-67
2023-01-10 12:53:54,120 INFO o.a.j.t.JMeterThread: Thread finished: Thread Group 1-36
2023-01-10 12:53:54,122 INFO o.a.j.t.JMeterThread: Thread is done: Thread Group 1-56
2023-01-10 12:53:54,122 INFO o.a.j.t.JMeterThread: Thread finished: Thread Group 1-56
2023-01-10 12:53:54,160 INFO o.a.j.t.JMeterThread: Thread is done: Thread Group 1-16
2023-01-10 12:53:54,160 INFO o.a.j.t.JMeterThread: Thread is done: Thread Group 1-11
2023-01-10 12:53:54,160 INFO o.a.j.t.JMeterThread: Thread finished: Thread Group 1-16
2023-01-10 12:53:54,160 INFO o.a.j.t.JMeterThread: Thread finished: Thread Group 1-11
2023-01-10 12:53:54,160 INFO o.a.j.t.JMeterThread: Thread is done: Thread Group 1-53
2023-01-10 12:53:54,160 INFO o.a.j.t.JMeterThread: Thread finished: Thread Group 1-53
2023-01-10 12:53:54,160 INFO o.a.j.t.JMeterThread: Thread is done: Thread Group 1-64
2023-01-10 12:53:54,160 INFO o.a.j.t.JMeterThread: Thread is done: Thread Group 1-42
2023-01-10 12:53:54,161 INFO o.a.j.t.JMeterThread: Thread is done: Thread Group 1-51
2023-01-10 12:53:54,161 INFO o.a.j.t.JMeterThread: Thread finished: Thread Group 1-64
2023-01-10 12:53:54,161 INFO o.a.j.t.JMeterThread: Thread finished: Thread Group 1-51
2023-01-10 12:53:54,161 INFO o.a.j.t.JMeterThread: Thread finished: Thread Group 1-42
2023-01-10 12:53:54,178 INFO o.a.j.t.JMeterThread: Thread is done: Thread Group 1-86
2023-01-10 12:53:54,178 INFO o.a.j.t.JMeterThread: Thread finished: Thread Group 1-86
2023-01-10 12:53:54,195 INFO o.a.j.t.JMeterThread: Thread is done: Thread Group 1-31
2023-01-10 12:53:54,195 INFO o.a.j.t.JMeterThread: Thread finished: Thread Group 1-31
2023-01-10 12:53:54,202 INFO o.a.j.t.JMeterThread: Thread is done: Thread Group 1-88
2023-01-10 12:53:54,202 INFO o.a.j.t.JMeterThread: Thread finished: Thread Group 1-88
2023-01-10 12:53:54,204 INFO o.a.j.t.JMeterThread: Thread is done: Thread Group 1-34
2023-01-10 12:53:54,204 INFO o.a.j.t.JMeterThread: Thread finished: Thread Group 1-34
2023-01-10 12:53:54,204 INFO o.a.j.t.JMeterThread: Thread is done: Thread Group 1-58
2023-01-10 12:53:54,204 INFO o.a.j.t.JMeterThread: Thread finished: Thread Group 1-58
2023-01-10 12:53:54,212 INFO o.a.j.t.JMeterThread: Thread is done: Thread Group 1-43
2023-01-10 12:53:54,212 INFO o.a.j.t.JMeterThread: Thread finished: Thread Group 1-43
2023-01-10 12:53:54,217 INFO o.a.j.t.JMeterThread: Thread is done: Thread Group 1-61
2023-01-10 12:53:54,217 INFO o.a.j.t.JMeterThread: Thread finished: Thread Group 1-61
2023-01-10 12:53:54,219 INFO o.a.j.t.JMeterThread: Thread is done: Thread Group 1-80
2023-01-10 12:53:54,219 INFO o.a.j.t.JMeterThread: Thread finished: Thread Group 1-80
2023-01-10 12:53:54,222 INFO o.a.j.t.JMeterThread: Thread is done: Thread Group 1-93
2023-01-10 12:53:54,222 INFO o.a.j.t.JMeterThread: Thread finished: Thread Group 1-93
2023-01-10 12:53:54,227 INFO o.a.j.t.JMeterThread: Thread is done: Thread Group 1-46
2023-01-10 12:53:54,227 INFO o.a.j.t.JMeterThread: Thread finished: Thread Group 1-46
2023-01-10 12:53:54,239 INFO o.a.j.t.JMeterThread: Thread is done: Thread Group 1-17
2023-01-10 12:53:54,239 INFO o.a.j.t.JMeterThread: Thread finished: Thread Group 1-17
2023-01-10 12:53:54,255 INFO o.a.j.t.JMeterThread: Thread is done: Thread Group 1-23
2023-01-10 12:53:54,255 INFO o.a.j.t.JMeterThread: Thread finished: Thread Group 1-23
2023-01-10 12:53:54,266 INFO o.a.j.t.JMeterThread: Thread is done: Thread Group 1-20
2023-01-10 12:53:54,266 INFO o.a.j.t.JMeterThread: Thread finished: Thread Group 1-20
2023-01-10 12:53:54,266 INFO o.a.j.e.StandardJMeterEngine: Notifying test listeners of end of test
2023-01-10 12:53:54,267 INFO o.a.j.g.u.JMeterMenuBar: setRunning(false, *local*)
2023-01-10 12:54:00,401 INFO o.a.j.e.StandardJMeterEngine: Running the test!
2023-01-10 12:54:00,401 INFO o.a.j.s.SampleEvent: List of sample_variables: []
2023-01-10 12:54:00,403 INFO o.a.j.g.u.JMeterMenuBar: setRunning(true, *local*)
2023-01-10 12:54:00,462 INFO o.a.j.e.StandardJMeterEngine: Starting ThreadGroup: 1 : Thread Group
2023-01-10 12:54:00,463 INFO o.a.j.e.StandardJMeterEngine: Starting 100 threads for group Thread Group.
2023-01-10 12:54:00,463 INFO o.a.j.e.StandardJMeterEngine: Thread will continue on error
2023-01-10 12:54:00,463 INFO o.a.j.t.ThreadGroup: Starting thread group... number=1 threads=100 ramp-up=1 delayedStart=false
2023-01-10 12:54:00,466 INFO o.a.j.t.JMeterThread: Thread started: Thread Group 1-1
2023-01-10 12:54:00,475 INFO o.a.j.t.JMeterThread: Thread started: Thread Group 1-2
2023-01-10 12:54:00,486 INFO o.a.j.t.JMeterThread: Thread started: Thread Group 1-3
2023-01-10 12:54:00,488 INFO o.a.j.t.ThreadGroup: Started thread group number 1
2023-01-10 12:54:00,488 INFO o.a.j.e.StandardJMeterEngine: All thread groups have been started
2023-01-10 12:54:00,496 INFO o.a.j.t.JMeterThread: Thread started: Thread Group 1-4
2023-01-10 12:54:00,506 INFO o.a.j.t.JMeterThread: Thread started: Thread Group 1-5
2023-01-10 12:54:00,517 INFO o.a.j.t.JMeterThread: Thread started: Thread Group 1-6
2023-01-10 12:54:00,531 INFO o.a.j.t.JMeterThread: Thread started: Thread Group 1-7
2023-01-10 12:54:00,539 INFO o.a.j.t.JMeterThread: Thread started: Thread Group 1-8
2023-01-10 12:54:00,546 INFO o.a.j.t.JMeterThread: Thread started: Thread Group 1-9
2023-01-10 12:54:00,557 INFO o.a.j.t.JMeterThread: Thread started: Thread Group 1-10
2023-01-10 12:54:00,568 INFO o.a.j.t.JMeterThread: Thread started: Thread Group 1-11
2023-01-10 12:54:00,579 INFO o.a.j.t.JMeterThread: Thread started: Thread Group 1-12
2023-01-10 12:54:00,589 INFO o.a.j.t.JMeterThread: Thread started: Thread Group 1-13
2023-01-10 12:54:00,597 INFO o.a.j.t.JMeterThread: Thread started: Thread Group 1-14
2023-01-10 12:54:00,608 INFO o.a.j.t.JMeterThread: Thread started: Thread Group 1-15
2023-01-10 12:54:00,620 INFO o.a.j.t.JMeterThread: Thread started: Thread Group 1-16
2023-01-10 12:54:00,629 INFO o.a.j.t.JMeterThread: Thread started: Thread Group 1-17
2023-01-10 12:54:00,637 INFO o.a.j.t.JMeterThread: Thread started: Thread Group 1-18
2023-01-10 12:54:00,647 INFO o.a.j.t.JMeterThread: Thread started: Thread Group 1-19
2023-01-10 12:54:00,658 INFO o.a.j.t.JMeterThread: Thread started: Thread Group 1-20
2023-01-10 12:54:00,668 INFO o.a.j.t.JMeterThread: Thread started: Thread Group 1-21
2023-01-10 12:54:00,680 INFO o.a.j.t.JMeterThread: Thread started: Thread Group 1-22
2023-01-10 12:54:00,695 INFO o.a.j.t.JMeterThread: Thread started: Thread Group 1-23
2023-01-10 12:54:00,697 INFO o.a.j.t.JMeterThread: Thread started: Thread Group 1-24
2023-01-10 12:54:00,708 INFO o.a.j.t.JMeterThread: Thread started: Thread Group 1-25
2023-01-10 12:54:00,719 INFO o.a.j.t.JMeterThread: Thread started: Thread Group 1-26
2023-01-10 12:54:00,731 INFO o.a.j.t.JMeterThread: Thread started: Thread Group 1-27
2023-01-10 12:54:00,739 INFO o.a.j.t.JMeterThread: Thread started: Thread Group 1-28
2023-01-10 12:54:00,757 INFO o.a.j.t.JMeterThread: Thread started: Thread Group 1-29
2023-01-10 12:54:00,759 INFO o.a.j.t.JMeterThread: Thread started: Thread Group 1-30
2023-01-10 12:54:00,768 INFO o.a.j.t.JMeterThread: Thread started: Thread Group 1-31
2023-01-10 12:54:00,780 INFO o.a.j.t.JMeterThread: Thread started: Thread Group 1-32
2023-01-10 12:54:00,790 INFO o.a.j.t.JMeterThread: Thread started: Thread Group 1-33
2023-01-10 12:54:00,804 INFO o.a.j.t.JMeterThread: Thread started: Thread Group 1-34
2023-01-10 12:54:00,807 INFO o.a.j.t.JMeterThread: Thread started: Thread Group 1-35
2023-01-10 12:54:00,818 INFO o.a.j.t.JMeterThread: Thread started: Thread Group 1-36
2023-01-10 12:54:00,831 INFO o.a.j.t.JMeterThread: Thread started: Thread Group 1-37
2023-01-10 12:54:00,844 INFO o.a.j.t.JMeterThread: Thread started: Thread Group 1-38
2023-01-10 12:54:00,856 INFO o.a.j.t.JMeterThread: Thread started: Thread Group 1-39
2023-01-10 12:54:00,859 INFO o.a.j.t.JMeterThread: Thread started: Thread Group 1-40
2023-01-10 12:54:00,868 INFO o.a.j.t.JMeterThread: Thread started: Thread Group 1-41
2023-01-10 12:54:00,884 INFO o.a.j.t.JMeterThread: Thread started: Thread Group 1-42
2023-01-10 12:54:00,895 INFO o.a.j.t.JMeterThread: Thread started: Thread Group 1-43
2023-01-10 12:54:00,896 INFO o.a.j.t.JMeterThread: Thread started: Thread Group 1-44
2023-01-10 12:54:00,910 INFO o.a.j.t.JMeterThread: Thread started: Thread Group 1-45
2023-01-10 12:54:00,925 INFO o.a.j.t.JMeterThread: Thread started: Thread Group 1-46
2023-01-10 12:54:00,929 INFO o.a.j.t.JMeterThread: Thread started: Thread Group 1-47
2023-01-10 12:54:00,940 INFO o.a.j.t.JMeterThread: Thread started: Thread Group 1-48
2023-01-10 12:54:00,950 INFO o.a.j.t.JMeterThread: Thread started: Thread Group 1-49
2023-01-10 12:54:00,968 INFO o.a.j.t.JMeterThread: Thread started: Thread Group 1-50
2023-01-10 12:54:00,975 INFO o.a.j.t.JMeterThread: Thread started: Thread Group 1-51
2023-01-10 12:54:00,980 INFO o.a.j.t.JMeterThread: Thread started: Thread Group 1-52
2023-01-10 12:54:00,990 INFO o.a.j.t.JMeterThread: Thread started: Thread Group 1-53
2023-01-10 12:54:01,005 INFO o.a.j.t.JMeterThread: Thread started: Thread Group 1-54
2023-01-10 12:54:01,011 INFO o.a.j.t.JMeterThread: Thread started: Thread Group 1-55
2023-01-10 12:54:01,021 INFO o.a.j.t.JMeterThread: Thread started: Thread Group 1-56
2023-01-10 12:54:01,033 INFO o.a.j.t.JMeterThread: Thread started: Thread Group 1-57
2023-01-10 12:54:01,045 INFO o.a.j.t.JMeterThread: Thread started: Thread Group 1-58
2023-01-10 12:54:01,054 INFO o.a.j.t.JMeterThread: Thread started: Thread Group 1-59
2023-01-10 12:54:01,064 INFO o.a.j.t.JMeterThread: Thread started: Thread Group 1-60
2023-01-10 12:54:01,075 INFO o.a.j.t.JMeterThread: Thread started: Thread Group 1-61
2023-01-10 12:54:01,083 INFO o.a.j.t.JMeterThread: Thread started: Thread Group 1-62
2023-01-10 12:54:01,093 INFO o.a.j.t.JMeterThread: Thread started: Thread Group 1-63
2023-01-10 12:54:01,105 INFO o.a.j.t.JMeterThread: Thread started: Thread Group 1-64
2023-01-10 12:54:01,113 INFO o.a.j.t.JMeterThread: Thread started: Thread Group 1-65
2023-01-10 12:54:01,122 INFO o.a.j.t.JMeterThread: Thread started: Thread Group 1-66
2023-01-10 12:54:01,131 INFO o.a.j.t.JMeterThread: Thread started: Thread Group 1-67
2023-01-10 12:54:01,141 INFO o.a.j.t.JMeterThread: Thread started: Thread Group 1-68
2023-01-10 12:54:01,152 INFO o.a.j.t.JMeterThread: Thread started: Thread Group 1-69
2023-01-10 12:54:01,163 INFO o.a.j.t.JMeterThread: Thread started: Thread Group 1-70
2023-01-10 12:54:01,171 INFO o.a.j.t.JMeterThread: Thread started: Thread Group 1-71
2023-01-10 12:54:01,180 INFO o.a.j.t.JMeterThread: Thread started: Thread Group 1-72
2023-01-10 12:54:01,191 INFO o.a.j.t.JMeterThread: Thread started: Thread Group 1-73
2023-01-10 12:54:01,201 INFO o.a.j.t.JMeterThread: Thread started: Thread Group 1-74
2023-01-10 12:54:01,210 INFO o.a.j.t.JMeterThread: Thread started: Thread Group 1-75
2023-01-10 12:54:01,220 INFO o.a.j.t.JMeterThread: Thread started: Thread Group 1-76
2023-01-10 12:54:01,230 INFO o.a.j.t.JMeterThread: Thread started: Thread Group 1-77
2023-01-10 12:54:01,241 INFO o.a.j.t.JMeterThread: Thread started: Thread Group 1-78
2023-01-10 12:54:01,249 INFO o.a.j.t.JMeterThread: Thread started: Thread Group 1-79
2023-01-10 12:54:01,258 INFO o.a.j.t.JMeterThread: Thread started: Thread Group 1-80
2023-01-10 12:54:01,271 INFO o.a.j.t.JMeterThread: Thread started: Thread Group 1-81
2023-01-10 12:54:01,281 INFO o.a.j.t.JMeterThread: Thread started: Thread Group 1-82
2023-01-10 12:54:01,290 INFO o.a.j.t.JMeterThread: Thread started: Thread Group 1-83
2023-01-10 12:54:01,295 INFO o.a.j.t.JMeterThread: Thread started: Thread Group 1-84
2023-01-10 12:54:01,311 INFO o.a.j.t.JMeterThread: Thread started: Thread Group 1-85
2023-01-10 12:54:01,321 INFO o.a.j.t.JMeterThread: Thread started: Thread Group 1-86
2023-01-10 12:54:01,329 INFO o.a.j.t.JMeterThread: Thread started: Thread Group 1-87
2023-01-10 12:54:01,340 INFO o.a.j.t.JMeterThread: Thread started: Thread Group 1-88
2023-01-10 12:54:01,351 INFO o.a.j.t.JMeterThread: Thread started: Thread Group 1-89
2023-01-10 12:54:01,362 INFO o.a.j.t.JMeterThread: Thread started: Thread Group 1-90
2023-01-10 12:54:01,368 INFO o.a.j.t.JMeterThread: Thread started: Thread Group 1-91
2023-01-10 12:54:01,378 INFO o.a.j.t.JMeterThread: Thread started: Thread Group 1-92
2023-01-10 12:54:01,391 INFO o.a.j.t.JMeterThread: Thread started: Thread Group 1-93
2023-01-10 12:54:01,400 INFO o.a.j.t.JMeterThread: Thread started: Thread Group 1-94
2023-01-10 12:54:01,409 INFO o.a.j.t.JMeterThread: Thread started: Thread Group 1-95
2023-01-10 12:54:01,419 INFO o.a.j.t.JMeterThread: Thread started: Thread Group 1-96
2023-01-10 12:54:01,430 INFO o.a.j.t.JMeterThread: Thread started: Thread Group 1-97
2023-01-10 12:54:01,440 INFO o.a.j.t.JMeterThread: Thread started: Thread Group 1-98
2023-01-10 12:54:01,448 INFO o.a.j.t.JMeterThread: Thread started: Thread Group 1-99
2023-01-10 12:54:01,458 INFO o.a.j.t.JMeterThread: Thread started: Thread Group 1-100
2023-01-10 12:54:11,852 INFO o.a.j.t.JMeterThread: Thread is done: Thread Group 1-15
2023-01-10 12:54:11,852 INFO o.a.j.t.JMeterThread: Thread finished: Thread Group 1-15
2023-01-10 12:54:11,918 INFO o.a.j.t.JMeterThread: Thread is done: Thread Group 1-5
2023-01-10 12:54:11,918 INFO o.a.j.t.JMeterThread: Thread finished: Thread Group 1-5
2023-01-10 12:54:12,220 INFO o.a.j.t.JMeterThread: Thread is done: Thread Group 1-46
2023-01-10 12:54:12,220 INFO o.a.j.t.JMeterThread: Thread finished: Thread Group 1-46
2023-01-10 12:54:12,238 INFO o.a.j.t.JMeterThread: Thread is done: Thread Group 1-33
2023-01-10 12:54:12,239 INFO o.a.j.t.JMeterThread: Thread finished: Thread Group 1-33
2023-01-10 12:54:12,240 INFO o.a.j.t.JMeterThread: Thread is done: Thread Group 1-20
2023-01-10 12:54:12,240 INFO o.a.j.t.JMeterThread: Thread finished: Thread Group 1-20
2023-01-10 12:54:12,250 INFO o.a.j.t.JMeterThread: Thread is done: Thread Group 1-11
2023-01-10 12:54:12,250 INFO o.a.j.t.JMeterThread: Thread finished: Thread Group 1-11
2023-01-10 12:54:12,301 INFO o.a.j.t.JMeterThread: Thread is done: Thread Group 1-72
2023-01-10 12:54:12,302 INFO o.a.j.t.JMeterThread: Thread finished: Thread Group 1-72
2023-01-10 12:54:12,312 INFO o.a.j.t.JMeterThread: Thread is done: Thread Group 1-3
2023-01-10 12:54:12,312 INFO o.a.j.t.JMeterThread: Thread finished: Thread Group 1-3
2023-01-10 12:54:12,365 INFO o.a.j.t.JMeterThread: Thread is done: Thread Group 1-1
2023-01-10 12:54:12,365 INFO o.a.j.t.JMeterThread: Thread finished: Thread Group 1-1
2023-01-10 12:54:12,428 INFO o.a.j.t.JMeterThread: Thread is done: Thread Group 1-22
2023-01-10 12:54:12,429 INFO o.a.j.t.JMeterThread: Thread finished: Thread Group 1-22
2023-01-10 12:54:12,523 INFO o.a.j.t.JMeterThread: Thread is done: Thread Group 1-4
2023-01-10 12:54:12,524 INFO o.a.j.t.JMeterThread: Thread finished: Thread Group 1-4
2023-01-10 12:54:12,555 INFO o.a.j.t.JMeterThread: Thread is done: Thread Group 1-2
2023-01-10 12:54:12,556 INFO o.a.j.t.JMeterThread: Thread finished: Thread Group 1-2
2023-01-10 12:54:12,565 INFO o.a.j.t.JMeterThread: Thread is done: Thread Group 1-30
2023-01-10 12:54:12,565 INFO o.a.j.t.JMeterThread: Thread finished: Thread Group 1-30
2023-01-10 12:54:12,633 INFO o.a.j.t.JMeterThread: Thread is done: Thread Group 1-44
2023-01-10 12:54:12,634 INFO o.a.j.t.JMeterThread: Thread finished: Thread Group 1-44
2023-01-10 12:54:12,688 INFO o.a.j.t.JMeterThread: Thread is done: Thread Group 1-31
2023-01-10 12:54:12,688 INFO o.a.j.t.JMeterThread: Thread is done: Thread Group 1-34
2023-01-10 12:54:12,688 INFO o.a.j.t.JMeterThread: Thread finished: Thread Group 1-34
2023-01-10 12:54:12,688 INFO o.a.j.t.JMeterThread: Thread finished: Thread Group 1-31
2023-01-10 12:54:12,721 INFO o.a.j.t.JMeterThread: Thread is done: Thread Group 1-43
2023-01-10 12:54:12,721 INFO o.a.j.t.JMeterThread: Thread finished: Thread Group 1-43
2023-01-10 12:54:12,728 INFO o.a.j.t.JMeterThread: Thread is done: Thread Group 1-48
2023-01-10 12:54:12,728 INFO o.a.j.t.JMeterThread: Thread finished: Thread Group 1-48
2023-01-10 12:54:12,754 INFO o.a.j.t.JMeterThread: Thread is done: Thread Group 1-9
2023-01-10 12:54:12,754 INFO o.a.j.t.JMeterThread: Thread finished: Thread Group 1-9
2023-01-10 12:54:12,771 INFO o.a.j.t.JMeterThread: Thread is done: Thread Group 1-47
2023-01-10 12:54:12,771 INFO o.a.j.t.JMeterThread: Thread finished: Thread Group 1-47
2023-01-10 12:54:12,794 INFO o.a.j.t.JMeterThread: Thread is done: Thread Group 1-93
2023-01-10 12:54:12,794 INFO o.a.j.t.JMeterThread: Thread finished: Thread Group 1-93
2023-01-10 12:54:12,819 INFO o.a.j.t.JMeterThread: Thread is done: Thread Group 1-29
2023-01-10 12:54:12,819 INFO o.a.j.t.JMeterThread: Thread finished: Thread Group 1-29
2023-01-10 12:54:12,838 INFO o.a.j.t.JMeterThread: Thread is done: Thread Group 1-7
2023-01-10 12:54:12,838 INFO o.a.j.t.JMeterThread: Thread finished: Thread Group 1-7
2023-01-10 12:54:12,845 INFO o.a.j.t.JMeterThread: Thread is done: Thread Group 1-18
2023-01-10 12:54:12,845 INFO o.a.j.t.JMeterThread: Thread finished: Thread Group 1-18
2023-01-10 12:54:12,853 INFO o.a.j.t.JMeterThread: Thread is done: Thread Group 1-62
2023-01-10 12:54:12,853 INFO o.a.j.t.JMeterThread: Thread finished: Thread Group 1-62
2023-01-10 12:54:12,885 INFO o.a.j.t.JMeterThread: Thread is done: Thread Group 1-54
2023-01-10 12:54:12,885 INFO o.a.j.t.JMeterThread: Thread finished: Thread Group 1-54
2023-01-10 12:54:12,898 INFO o.a.j.t.JMeterThread: Thread is done: Thread Group 1-66
2023-01-10 12:54:12,898 INFO o.a.j.t.JMeterThread: Thread finished: Thread Group 1-66
2023-01-10 12:54:12,931 INFO o.a.j.t.JMeterThread: Thread is done: Thread Group 1-37
2023-01-10 12:54:12,931 INFO o.a.j.t.JMeterThread: Thread is done: Thread Group 1-12
2023-01-10 12:54:12,931 INFO o.a.j.t.JMeterThread: Thread is done: Thread Group 1-38
2023-01-10 12:54:12,931 INFO o.a.j.t.JMeterThread: Thread finished: Thread Group 1-38
2023-01-10 12:54:12,931 INFO o.a.j.t.JMeterThread: Thread finished: Thread Group 1-37
2023-01-10 12:54:12,931 INFO o.a.j.t.JMeterThread: Thread finished: Thread Group 1-12
2023-01-10 12:54:12,957 INFO o.a.j.t.JMeterThread: Thread is done: Thread Group 1-41
2023-01-10 12:54:12,957 INFO o.a.j.t.JMeterThread: Thread finished: Thread Group 1-41
2023-01-10 12:54:12,973 INFO o.a.j.t.JMeterThread: Thread is done: Thread Group 1-27
2023-01-10 12:54:12,973 INFO o.a.j.t.JMeterThread: Thread finished: Thread Group 1-27
2023-01-10 12:54:12,998 INFO o.a.j.t.JMeterThread: Thread is done: Thread Group 1-55
2023-01-10 12:54:12,999 INFO o.a.j.t.JMeterThread: Thread finished: Thread Group 1-55
2023-01-10 12:54:13,018 INFO o.a.j.t.JMeterThread: Thread is done: Thread Group 1-81
2023-01-10 12:54:13,018 INFO o.a.j.t.JMeterThread: Thread finished: Thread Group 1-81
2023-01-10 12:54:13,026 INFO o.a.j.t.JMeterThread: Thread is done: Thread Group 1-24
2023-01-10 12:54:13,026 INFO o.a.j.t.JMeterThread: Thread finished: Thread Group 1-24
2023-01-10 12:54:13,033 INFO o.a.j.t.JMeterThread: Thread is done: Thread Group 1-65
2023-01-10 12:54:13,033 INFO o.a.j.t.JMeterThread: Thread finished: Thread Group 1-65
2023-01-10 12:54:13,059 INFO o.a.j.t.JMeterThread: Thread is done: Thread Group 1-16
2023-01-10 12:54:13,059 INFO o.a.j.t.JMeterThread: Thread is done: Thread Group 1-60
2023-01-10 12:54:13,059 INFO o.a.j.t.JMeterThread: Thread finished: Thread Group 1-16
2023-01-10 12:54:13,059 INFO o.a.j.t.JMeterThread: Thread finished: Thread Group 1-60
2023-01-10 12:54:13,076 INFO o.a.j.t.JMeterThread: Thread is done: Thread Group 1-61
2023-01-10 12:54:13,076 INFO o.a.j.t.JMeterThread: Thread finished: Thread Group 1-61
2023-01-10 12:54:13,078 INFO o.a.j.t.JMeterThread: Thread is done: Thread Group 1-17
2023-01-10 12:54:13,078 INFO o.a.j.t.JMeterThread: Thread finished: Thread Group 1-17
2023-01-10 12:54:13,081 INFO o.a.j.t.JMeterThread: Thread is done: Thread Group 1-10
2023-01-10 12:54:13,082 INFO o.a.j.t.JMeterThread: Thread is done: Thread Group 1-53
2023-01-10 12:54:13,082 INFO o.a.j.t.JMeterThread: Thread finished: Thread Group 1-10
2023-01-10 12:54:13,082 INFO o.a.j.t.JMeterThread: Thread finished: Thread Group 1-53
2023-01-10 12:54:13,088 INFO o.a.j.t.JMeterThread: Thread is done: Thread Group 1-13
2023-01-10 12:54:13,088 INFO o.a.j.t.JMeterThread: Thread finished: Thread Group 1-13
2023-01-10 12:54:13,098 INFO o.a.j.t.JMeterThread: Thread is done: Thread Group 1-8
2023-01-10 12:54:13,098 INFO o.a.j.t.JMeterThread: Thread finished: Thread Group 1-8
2023-01-10 12:54:13,108 INFO o.a.j.t.JMeterThread: Thread is done: Thread Group 1-40
2023-01-10 12:54:13,108 INFO o.a.j.t.JMeterThread: Thread finished: Thread Group 1-40
2023-01-10 12:54:13,110 INFO o.a.j.t.JMeterThread: Thread is done: Thread Group 1-39
2023-01-10 12:54:13,110 INFO o.a.j.t.JMeterThread: Thread finished: Thread Group 1-39
2023-01-10 12:54:13,115 INFO o.a.j.t.JMeterThread: Thread is done: Thread Group 1-79
2023-01-10 12:54:13,115 INFO o.a.j.t.JMeterThread: Thread finished: Thread Group 1-79
2023-01-10 12:54:13,125 INFO o.a.j.t.JMeterThread: Thread is done: Thread Group 1-45
2023-01-10 12:54:13,125 INFO o.a.j.t.JMeterThread: Thread finished: Thread Group 1-45
2023-01-10 12:54:13,129 INFO o.a.j.t.JMeterThread: Thread is done: Thread Group 1-90
2023-01-10 12:54:13,129 INFO o.a.j.t.JMeterThread: Thread finished: Thread Group 1-90
2023-01-10 12:54:13,136 INFO o.a.j.t.JMeterThread: Thread is done: Thread Group 1-51
2023-01-10 12:54:13,136 INFO o.a.j.t.JMeterThread: Thread finished: Thread Group 1-51
2023-01-10 12:54:13,139 INFO o.a.j.t.JMeterThread: Thread is done: Thread Group 1-36
2023-01-10 12:54:13,139 INFO o.a.j.t.JMeterThread: Thread finished: Thread Group 1-36
2023-01-10 12:54:13,153 INFO o.a.j.t.JMeterThread: Thread is done: Thread Group 1-21
2023-01-10 12:54:13,153 INFO o.a.j.t.JMeterThread: Thread finished: Thread Group 1-21
2023-01-10 12:54:13,154 INFO o.a.j.t.JMeterThread: Thread is done: Thread Group 1-28
2023-01-10 12:54:13,154 INFO o.a.j.t.JMeterThread: Thread finished: Thread Group 1-28
2023-01-10 12:54:13,168 INFO o.a.j.t.JMeterThread: Thread is done: Thread Group 1-35
2023-01-10 12:54:13,168 INFO o.a.j.t.JMeterThread: Thread is done: Thread Group 1-14
2023-01-10 12:54:13,168 INFO o.a.j.t.JMeterThread: Thread finished: Thread Group 1-35
2023-01-10 12:54:13,168 INFO o.a.j.t.JMeterThread: Thread finished: Thread Group 1-14
2023-01-10 12:54:13,175 INFO o.a.j.t.JMeterThread: Thread is done: Thread Group 1-59
2023-01-10 12:54:13,175 INFO o.a.j.t.JMeterThread: Thread finished: Thread Group 1-59
2023-01-10 12:54:13,176 INFO o.a.j.t.JMeterThread: Thread is done: Thread Group 1-57
2023-01-10 12:54:13,176 INFO o.a.j.t.JMeterThread: Thread finished: Thread Group 1-57
2023-01-10 12:54:13,189 INFO o.a.j.t.JMeterThread: Thread is done: Thread Group 1-97
2023-01-10 12:54:13,189 INFO o.a.j.t.JMeterThread: Thread finished: Thread Group 1-97
2023-01-10 12:54:13,197 INFO o.a.j.t.JMeterThread: Thread is done: Thread Group 1-6
2023-01-10 12:54:13,197 INFO o.a.j.t.JMeterThread: Thread finished: Thread Group 1-6
2023-01-10 12:54:13,204 INFO o.a.j.t.JMeterThread: Thread is done: Thread Group 1-26
2023-01-10 12:54:13,205 INFO o.a.j.t.JMeterThread: Thread finished: Thread Group 1-26
2023-01-10 12:54:13,218 INFO o.a.j.t.JMeterThread: Thread is done: Thread Group 1-63
2023-01-10 12:54:13,219 INFO o.a.j.t.JMeterThread: Thread finished: Thread Group 1-63
2023-01-10 12:54:13,222 INFO o.a.j.t.JMeterThread: Thread is done: Thread Group 1-96
2023-01-10 12:54:13,222 INFO o.a.j.t.JMeterThread: Thread finished: Thread Group 1-96
2023-01-10 12:54:13,223 INFO o.a.j.t.JMeterThread: Thread is done: Thread Group 1-78
2023-01-10 12:54:13,223 INFO o.a.j.t.JMeterThread: Thread finished: Thread Group 1-78
2023-01-10 12:54:13,226 INFO o.a.j.t.JMeterThread: Thread is done: Thread Group 1-82
2023-01-10 12:54:13,226 INFO o.a.j.t.JMeterThread: Thread finished: Thread Group 1-82
2023-01-10 12:54:13,231 INFO o.a.j.t.JMeterThread: Thread is done: Thread Group 1-67
2023-01-10 12:54:13,232 INFO o.a.j.t.JMeterThread: Thread finished: Thread Group 1-67
2023-01-10 12:54:13,246 INFO o.a.j.t.JMeterThread: Thread is done: Thread Group 1-25
2023-01-10 12:54:13,246 INFO o.a.j.t.JMeterThread: Thread finished: Thread Group 1-25
2023-01-10 12:54:13,255 INFO o.a.j.t.JMeterThread: Thread is done: Thread Group 1-64
2023-01-10 12:54:13,255 INFO o.a.j.t.JMeterThread: Thread is done: Thread Group 1-95
2023-01-10 12:54:13,255 INFO o.a.j.t.JMeterThread: Thread finished: Thread Group 1-64
2023-01-10 12:54:13,255 INFO o.a.j.t.JMeterThread: Thread finished: Thread Group 1-95
2023-01-10 12:54:13,277 INFO o.a.j.t.JMeterThread: Thread is done: Thread Group 1-70
2023-01-10 12:54:13,277 INFO o.a.j.t.JMeterThread: Thread finished: Thread Group 1-70
2023-01-10 12:54:13,283 INFO o.a.j.t.JMeterThread: Thread is done: Thread Group 1-99
2023-01-10 12:54:13,283 INFO o.a.j.t.JMeterThread: Thread finished: Thread Group 1-99
2023-01-10 12:54:13,283 INFO o.a.j.t.JMeterThread: Thread is done: Thread Group 1-19
2023-01-10 12:54:13,283 INFO o.a.j.t.JMeterThread: Thread finished: Thread Group 1-19
2023-01-10 12:54:13,287 INFO o.a.j.t.JMeterThread: Thread is done: Thread Group 1-76
2023-01-10 12:54:13,287 INFO o.a.j.t.JMeterThread: Thread finished: Thread Group 1-76
2023-01-10 12:54:13,307 INFO o.a.j.t.JMeterThread: Thread is done: Thread Group 1-32
2023-01-10 12:54:13,307 INFO o.a.j.t.JMeterThread: Thread finished: Thread Group 1-32
2023-01-10 12:54:13,311 INFO o.a.j.t.JMeterThread: Thread is done: Thread Group 1-68
2023-01-10 12:54:13,312 INFO o.a.j.t.JMeterThread: Thread finished: Thread Group 1-68
2023-01-10 12:54:13,326 INFO o.a.j.t.JMeterThread: Thread is done: Thread Group 1-80
2023-01-10 12:54:13,326 INFO o.a.j.t.JMeterThread: Thread finished: Thread Group 1-80
2023-01-10 12:54:13,343 INFO o.a.j.t.JMeterThread: Thread is done: Thread Group 1-50
2023-01-10 12:54:13,343 INFO o.a.j.t.JMeterThread: Thread finished: Thread Group 1-50
2023-01-10 12:54:13,355 INFO o.a.j.t.JMeterThread: Thread is done: Thread Group 1-49
2023-01-10 12:54:13,355 INFO o.a.j.t.JMeterThread: Thread finished: Thread Group 1-49
2023-01-10 12:54:13,359 INFO o.a.j.t.JMeterThread: Thread is done: Thread Group 1-56
2023-01-10 12:54:13,359 INFO o.a.j.t.JMeterThread: Thread is done: Thread Group 1-84
2023-01-10 12:54:13,359 INFO o.a.j.t.JMeterThread: Thread is done: Thread Group 1-86
2023-01-10 12:54:13,359 INFO o.a.j.t.JMeterThread: Thread finished: Thread Group 1-56
2023-01-10 12:54:13,359 INFO o.a.j.t.JMeterThread: Thread finished: Thread Group 1-86
2023-01-10 12:54:13,359 INFO o.a.j.t.JMeterThread: Thread finished: Thread Group 1-84
2023-01-10 12:54:13,377 INFO o.a.j.t.JMeterThread: Thread is done: Thread Group 1-73
2023-01-10 12:54:13,377 INFO o.a.j.t.JMeterThread: Thread finished: Thread Group 1-73
2023-01-10 12:54:13,390 INFO o.a.j.t.JMeterThread: Thread is done: Thread Group 1-69
2023-01-10 12:54:13,390 INFO o.a.j.t.JMeterThread: Thread finished: Thread Group 1-69
2023-01-10 12:54:13,393 INFO o.a.j.t.JMeterThread: Thread is done: Thread Group 1-58
2023-01-10 12:54:13,393 INFO o.a.j.t.JMeterThread: Thread finished: Thread Group 1-58
2023-01-10 12:54:13,397 INFO o.a.j.t.JMeterThread: Thread is done: Thread Group 1-89
2023-01-10 12:54:13,397 INFO o.a.j.t.JMeterThread: Thread finished: Thread Group 1-89
2023-01-10 12:54:13,405 INFO o.a.j.t.JMeterThread: Thread is done: Thread Group 1-52
2023-01-10 12:54:13,405 INFO o.a.j.t.JMeterThread: Thread finished: Thread Group 1-52
2023-01-10 12:54:13,408 INFO o.a.j.t.JMeterThread: Thread is done: Thread Group 1-74
2023-01-10 12:54:13,413 INFO o.a.j.t.JMeterThread: Thread finished: Thread Group 1-74
2023-01-10 12:54:13,432 INFO o.a.j.t.JMeterThread: Thread is done: Thread Group 1-92
2023-01-10 12:54:13,432 INFO o.a.j.t.JMeterThread: Thread finished: Thread Group 1-92
2023-01-10 12:54:13,432 INFO o.a.j.t.JMeterThread: Thread is done: Thread Group 1-85
2023-01-10 12:54:13,432 INFO o.a.j.t.JMeterThread: Thread is done: Thread Group 1-23
2023-01-10 12:54:13,432 INFO o.a.j.t.JMeterThread: Thread finished: Thread Group 1-85
2023-01-10 12:54:13,432 INFO o.a.j.t.JMeterThread: Thread finished: Thread Group 1-23
2023-01-10 12:54:13,443 INFO o.a.j.t.JMeterThread: Thread is done: Thread Group 1-71
2023-01-10 12:54:13,443 INFO o.a.j.t.JMeterThread: Thread is done: Thread Group 1-91
2023-01-10 12:54:13,443 INFO o.a.j.t.JMeterThread: Thread is done: Thread Group 1-100
2023-01-10 12:54:13,443 INFO o.a.j.t.JMeterThread: Thread finished: Thread Group 1-91
2023-01-10 12:54:13,443 INFO o.a.j.t.JMeterThread: Thread finished: Thread Group 1-100
2023-01-10 12:54:13,443 INFO o.a.j.t.JMeterThread: Thread finished: Thread Group 1-71
2023-01-10 12:54:13,444 INFO o.a.j.t.JMeterThread: Thread is done: Thread Group 1-83
2023-01-10 12:54:13,444 INFO o.a.j.t.JMeterThread: Thread finished: Thread Group 1-83
2023-01-10 12:54:13,444 INFO o.a.j.t.JMeterThread: Thread is done: Thread Group 1-77
2023-01-10 12:54:13,444 INFO o.a.j.t.JMeterThread: Thread finished: Thread Group 1-77
2023-01-10 12:54:13,452 INFO o.a.j.t.JMeterThread: Thread is done: Thread Group 1-98
2023-01-10 12:54:13,452 INFO o.a.j.t.JMeterThread: Thread finished: Thread Group 1-98
2023-01-10 12:54:13,467 INFO o.a.j.t.JMeterThread: Thread is done: Thread Group 1-75
2023-01-10 12:54:13,467 INFO o.a.j.t.JMeterThread: Thread is done: Thread Group 1-88
2023-01-10 12:54:13,467 INFO o.a.j.t.JMeterThread: Thread finished: Thread Group 1-75
2023-01-10 12:54:13,467 INFO o.a.j.t.JMeterThread: Thread finished: Thread Group 1-88
2023-01-10 12:54:13,470 INFO o.a.j.t.JMeterThread: Thread is done: Thread Group 1-87
2023-01-10 12:54:13,471 INFO o.a.j.t.JMeterThread: Thread finished: Thread Group 1-87
2023-01-10 12:54:13,475 INFO o.a.j.t.JMeterThread: Thread is done: Thread Group 1-42
2023-01-10 12:54:13,475 INFO o.a.j.t.JMeterThread: Thread finished: Thread Group 1-42
2023-01-10 12:54:13,488 INFO o.a.j.t.JMeterThread: Thread is done: Thread Group 1-94
2023-01-10 12:54:13,489 INFO o.a.j.t.JMeterThread: Thread finished: Thread Group 1-94
2023-01-10 12:54:13,489 INFO o.a.j.e.StandardJMeterEngine: Notifying test listeners of end of test
2023-01-10 12:54:13,489 INFO o.a.j.g.u.JMeterMenuBar: setRunning(false, *local*)
2023-01-10 12:54:50,137 INFO o.a.j.s.FileServer: Set new base='C:\Users\Andi\furniture\apache-jmeter-5.5\apache-jmeter-5.5\bin\aaaaaPerformanciaTEST'
2023-01-10 12:54:50,426 INFO o.a.j.s.SaveService: Testplan (JMX) version: 2.2. Testlog (JTL) version: 2.2
2023-01-10 12:54:50,478 INFO o.a.j.s.SaveService: Using SaveService properties version 5.0
2023-01-10 12:54:50,481 INFO o.a.j.s.SaveService: Using SaveService properties file encoding UTF-8
2023-01-10 12:55:19,697 INFO o.a.j.s.FileServer: Set new base='C:\Users\Andi\furniture\apache-jmeter-5.5\apache-jmeter-5.5\bin\aaaaaPerformanciaTEST'
2023-01-10 12:56:10,068 INFO o.a.j.v.ViewResultsFullVisualizer: Add JavaFX to your Java installation if you want to use renderer: org.apache.jmeter.visualizers.RenderInBrowser
2023-01-10 12:59:28,308 INFO o.a.j.e.StandardJMeterEngine: Running the test!
2023-01-10 12:59:28,308 INFO o.a.j.s.SampleEvent: List of sample_variables: []
2023-01-10 12:59:28,309 INFO o.a.j.g.u.JMeterMenuBar: setRunning(true, *local*)
2023-01-10 12:59:28,362 INFO o.a.j.e.StandardJMeterEngine: Starting ThreadGroup: 1 : Thread Group
2023-01-10 12:59:28,363 INFO o.a.j.e.StandardJMeterEngine: Starting 1 threads for group Thread Group.
2023-01-10 12:59:28,363 INFO o.a.j.e.StandardJMeterEngine: Thread will continue on error
2023-01-10 12:59:28,363 INFO o.a.j.t.ThreadGroup: Starting thread group... number=1 threads=1 ramp-up=1 delayedStart=false
2023-01-10 12:59:28,364 INFO o.a.j.t.ThreadGroup: Started thread group number 1
2023-01-10 12:59:28,364 INFO o.a.j.e.StandardJMeterEngine: All thread groups have been started
2023-01-10 12:59:28,364 INFO o.a.j.t.JMeterThread: Thread started: Thread Group 1-1
2023-01-10 13:00:12,738 INFO o.a.j.t.JMeterThread: Thread is done: Thread Group 1-1
2023-01-10 13:00:12,739 INFO o.a.j.t.JMeterThread: Thread finished: Thread Group 1-1
2023-01-10 13:00:12,740 INFO o.a.j.e.StandardJMeterEngine: Notifying test listeners of end of test
2023-01-10 13:00:12,740 INFO o.a.j.g.u.JMeterMenuBar: setRunning(false, *local*)
2023-01-10 13:01:59,549 INFO o.a.j.e.StandardJMeterEngine: Running the test!
2023-01-10 13:01:59,550 INFO o.a.j.s.SampleEvent: List of sample_variables: []
2023-01-10 13:01:59,551 INFO o.a.j.g.u.JMeterMenuBar: setRunning(true, *local*)
2023-01-10 13:01:59,612 INFO o.a.j.e.StandardJMeterEngine: Starting ThreadGroup: 1 : Thread Group
2023-01-10 13:01:59,612 INFO o.a.j.e.StandardJMeterEngine: Starting 1 threads for group Thread Group.
2023-01-10 13:01:59,612 INFO o.a.j.e.StandardJMeterEngine: Thread will continue on error
2023-01-10 13:01:59,612 INFO o.a.j.t.ThreadGroup: Starting thread group... number=1 threads=1 ramp-up=1 delayedStart=false
2023-01-10 13:01:59,613 INFO o.a.j.t.ThreadGroup: Started thread group number 1
2023-01-10 13:01:59,613 INFO o.a.j.e.StandardJMeterEngine: All thread groups have been started
2023-01-10 13:01:59,614 INFO o.a.j.t.JMeterThread: Thread started: Thread Group 1-1
2023-01-10 13:02:44,014 INFO o.a.j.t.JMeterThread: Thread is done: Thread Group 1-1
2023-01-10 13:02:44,014 INFO o.a.j.t.JMeterThread: Thread finished: Thread Group 1-1
2023-01-10 13:02:44,014 INFO o.a.j.e.StandardJMeterEngine: Notifying test listeners of end of test
2023-01-10 13:02:44,015 INFO o.a.j.g.u.JMeterMenuBar: setRunning(false, *local*)
2023-01-10 13:03:17,139 INFO o.a.j.e.StandardJMeterEngine: Running the test!
2023-01-10 13:03:17,140 INFO o.a.j.s.SampleEvent: List of sample_variables: []
2023-01-10 13:03:17,141 INFO o.a.j.g.u.JMeterMenuBar: setRunning(true, *local*)
2023-01-10 13:03:17,197 INFO o.a.j.e.StandardJMeterEngine: Starting ThreadGroup: 1 : Thread Group
2023-01-10 13:03:17,197 INFO o.a.j.e.StandardJMeterEngine: Starting 1 threads for group Thread Group.
2023-01-10 13:03:17,197 INFO o.a.j.e.StandardJMeterEngine: Thread will continue on error
2023-01-10 13:03:17,197 INFO o.a.j.t.ThreadGroup: Starting thread group... number=1 threads=1 ramp-up=1 delayedStart=false
2023-01-10 13:03:17,198 INFO o.a.j.t.ThreadGroup: Started thread group number 1
2023-01-10 13:03:17,198 INFO o.a.j.e.StandardJMeterEngine: All thread groups have been started
2023-01-10 13:03:17,198 INFO o.a.j.t.JMeterThread: Thread started: Thread Group 1-1
2023-01-10 13:03:17,260 INFO o.a.j.t.JMeterThread: Thread is done: Thread Group 1-1
2023-01-10 13:03:17,260 INFO o.a.j.t.JMeterThread: Thread finished: Thread Group 1-1
2023-01-10 13:03:17,261 INFO o.a.j.e.StandardJMeterEngine: Notifying test listeners of end of test
2023-01-10 13:03:17,261 INFO o.a.j.g.u.JMeterMenuBar: setRunning(false, *local*)
2023-01-10 13:03:22,521 INFO o.a.j.e.StandardJMeterEngine: Running the test!
2023-01-10 13:03:22,521 INFO o.a.j.s.SampleEvent: List of sample_variables: []
2023-01-10 13:03:22,522 INFO o.a.j.g.u.JMeterMenuBar: setRunning(true, *local*)
2023-01-10 13:03:22,581 INFO o.a.j.e.StandardJMeterEngine: Starting ThreadGroup: 1 : Thread Group
2023-01-10 13:03:22,581 INFO o.a.j.e.StandardJMeterEngine: Starting 1 threads for group Thread Group.
2023-01-10 13:03:22,581 INFO o.a.j.e.StandardJMeterEngine: Thread will continue on error
2023-01-10 13:03:22,582 INFO o.a.j.t.ThreadGroup: Starting thread group... number=1 threads=1 ramp-up=1 delayedStart=false
2023-01-10 13:03:22,582 INFO o.a.j.t.ThreadGroup: Started thread group number 1
2023-01-10 13:03:22,582 INFO o.a.j.e.StandardJMeterEngine: All thread groups have been started
2023-01-10 13:03:22,583 INFO o.a.j.t.JMeterThread: Thread started: Thread Group 1-1
2023-01-10 13:03:22,637 INFO o.a.j.t.JMeterThread: Thread is done: Thread Group 1-1
2023-01-10 13:03:22,637 INFO o.a.j.t.JMeterThread: Thread finished: Thread Group 1-1
2023-01-10 13:03:22,637 INFO o.a.j.e.StandardJMeterEngine: Notifying test listeners of end of test
2023-01-10 13:03:22,637 INFO o.a.j.g.u.JMeterMenuBar: setRunning(false, *local*)
